2024-01-24T13:00:38.411+05:30  INFO 7020 --- [main] com.naveen.QuizApp.QuizAppApplication    : Starting QuizAppApplication using Java 17.0.8 with PID 7020 (D:\Quiz-App\target\classes started by NAVEEN in D:\Quiz-App)
2024-01-24T13:00:38.412+05:30  INFO 7020 --- [main] com.naveen.QuizApp.QuizAppApplication    : No active profile set, falling back to 1 default profile: "default"
2024-01-24T13:00:38.763+05:30  INFO 7020 --- [main] .s.d.r.c.RepositoryConfigurationDelegate : Bootstrapping Spring Data JPA repositories in DEFAULT mode.
2024-01-24T13:00:38.805+05:30  INFO 7020 --- [main] .s.d.r.c.RepositoryConfigurationDelegate : Finished Spring Data repository scanning in 36 ms. Found 3 JPA repository interfaces.
2024-01-24T13:00:39.237+05:30  INFO 7020 --- [main] o.s.b.w.embedded.tomcat.TomcatWebServer  : Tomcat initialized with port(s): 8080 (http)
2024-01-24T13:00:39.249+05:30  INFO 7020 --- [main] o.apache.catalina.core.StandardService   : Starting service [Tomcat]
2024-01-24T13:00:39.249+05:30  INFO 7020 --- [main] o.apache.catalina.core.StandardEngine    : Starting Servlet engine: [Apache Tomcat/10.1.12]
2024-01-24T13:00:39.310+05:30  INFO 7020 --- [main] o.a.c.c.C.[Tomcat].[localhost].[/]       : Initializing Spring embedded WebApplicationContext
2024-01-24T13:00:39.310+05:30  INFO 7020 --- [main] w.s.c.ServletWebServerApplicationContext : Root WebApplicationContext: initialization completed in 864 ms
2024-01-24T13:00:39.421+05:30  INFO 7020 --- [main] o.hibernate.jpa.internal.util.LogHelper  : HHH000204: Processing PersistenceUnitInfo [name: default]
2024-01-24T13:00:39.455+05:30  INFO 7020 --- [main] org.hibernate.Version                    : HHH000412: Hibernate ORM core version 6.2.7.Final
2024-01-24T13:00:39.457+05:30  INFO 7020 --- [main] org.hibernate.cfg.Environment            : HHH000406: Using bytecode reflection optimizer
2024-01-24T13:00:39.544+05:30  INFO 7020 --- [main] o.h.b.i.BytecodeProviderInitiator        : HHH000021: Bytecode provider name : bytebuddy
2024-01-24T13:00:39.622+05:30  INFO 7020 --- [main] o.s.o.j.p.SpringPersistenceUnitInfo      : No LoadTimeWeaver setup: ignoring JPA class transformer
2024-01-24T13:00:39.632+05:30  INFO 7020 --- [main] com.zaxxer.hikari.HikariDataSource       : HikariPool-1 - Starting...
2024-01-24T13:00:39.863+05:30  INFO 7020 --- [main] com.zaxxer.hikari.pool.HikariPool        : HikariPool-1 - Added connection com.mysql.cj.jdbc.ConnectionImpl@29d3d0fb
2024-01-24T13:00:39.864+05:30  INFO 7020 --- [main] com.zaxxer.hikari.HikariDataSource       : HikariPool-1 - Start completed.
2024-01-24T13:00:40.004+05:30  INFO 7020 --- [main] o.h.b.i.BytecodeProviderInitiator        : HHH000021: Bytecode provider name : bytebuddy
2024-01-24T13:00:40.396+05:30  INFO 7020 --- [main] o.h.e.t.j.p.i.JtaPlatformInitiator       : HHH000490: Using JtaPlatform implementation: [org.hibernate.engine.transaction.jta.platform.internal.NoJtaPlatform]
2024-01-24T13:00:40.427+05:30  INFO 7020 --- [main] j.LocalContainerEntityManagerFactoryBean : Initialized JPA EntityManagerFactory for persistence unit 'default'
2024-01-24T13:00:40.790+05:30  WARN 7020 --- [main] JpaBaseConfiguration$JpaWebConfiguration : spring.jpa.open-in-view is enabled by default. Therefore, database queries may be performed during view rendering. Explicitly configure spring.jpa.open-in-view to disable this warning
2024-01-24T13:00:40.969+05:30  INFO 7020 --- [main] o.s.b.a.w.s.WelcomePageHandlerMapping    : Adding welcome page template: index
2024-01-24T13:00:41.194+05:30  WARN 7020 --- [main] ConfigServletWebServerApplicationContext : Exception encountered during context initialization - cancelling refresh attempt: org.springframework.context.ApplicationContextException: Failed to start bean 'webServerStartStop'
2024-01-24T13:00:41.195+05:30  INFO 7020 --- [main] j.LocalContainerEntityManagerFactoryBean : Closing JPA EntityManagerFactory for persistence unit 'default'
2024-01-24T13:00:41.196+05:30  INFO 7020 --- [main] com.zaxxer.hikari.HikariDataSource       : HikariPool-1 - Shutdown initiated...
2024-01-24T13:00:41.201+05:30  INFO 7020 --- [main] com.zaxxer.hikari.HikariDataSource       : HikariPool-1 - Shutdown completed.
2024-01-24T13:00:41.203+05:30  INFO 7020 --- [main] o.apache.catalina.core.StandardService   : Stopping service [Tomcat]
2024-01-24T13:00:41.210+05:30  INFO 7020 --- [main] .s.b.a.l.ConditionEvaluationReportLogger : 

Error starting ApplicationContext. To display the condition evaluation report re-run your application with 'debug' enabled.
2024-01-24T13:00:41.221+05:30 ERROR 7020 --- [main] o.s.b.d.LoggingFailureAnalysisReporter   : 

***************************
APPLICATION FAILED TO START
***************************

Description:

Web server failed to start. Port 8080 was already in use.

Action:

Identify and stop the process that's listening on port 8080 or configure this application to listen on another port.

